Array
(
    [so_luong] => Array
        (
            [47] => 1
            [49] => 1
            [52] => 4
            [48] => 2
        )

)
Array
(
    [so_luong] => Array
        (
            [47] => 1
            [49] => 1
            [52] => 4
            [48] => 2
        )

)

soLuongData: Array
(
    [47] => 1
    [49] => 1
    [52] => 4
    [48] => 2
)

Array
(
    [so_luong] => Array
        (
            [47] => 1
            [49] => 1
            [52] => 4
            [48] => 2
        )

)

soLuongData: Array
(
    [47] => 1
    [49] => 1
    [52] => 4
    [48] => 2
)

Array
(
    [so_luong] => Array
        (
            [47] => 1
            [49] => 1
            [52] => 4
            [48] => 2
        )

)

soLuongData: Array
(
    [47] => 1
    [49] => 1
    [52] => 4
    [48] => 2
)

Array
(
    [so_luong] => Array
        (
            [47] => 1
            [49] => 1
            [52] => 4
            [48] => 2
        )

)

soLuongData: Array
(
    [47] => 1
    [49] => 1
    [52] => 4
    [48] => 2
)

